0 info it worked if it ends with ok
1 verbose cli [ '/usr/bin/node', '/usr/bin/npm', 'start', '--production' ]
2 info using npm@1.4.28
3 info using node@v0.10.36
4 verbose run-script [ 'prestart', 'start', 'poststart' ]
5 info prestart ghost@0.5.10
6 info start ghost@0.5.10
7 verbose unsafe-perm in lifecycle true
8 info ghost@0.5.10 Failed to exec start script
9 error ghost@0.5.10 start: `node index`
9 error Exit status 255
10 error Failed at the ghost@0.5.10 start script.
10 error This is most likely a problem with the ghost package,
10 error not with npm itself.
10 error Tell the author that this fails on your system:
10 error     node index
10 error You can get their info via:
10 error     npm owner ls ghost
10 error There is likely additional logging output above.
11 error System Linux 2.6.32-042stab094.7
12 error command "/usr/bin/node" "/usr/bin/npm" "start" "--production"
13 error cwd /var/www/ghost
14 error node -v v0.10.36
15 error npm -v 1.4.28
16 error code ELIFECYCLE
17 verbose exit [ 1, true ]
